Using pre-set license
Built from '2021.3/staging' branch; Version is '2021.3.6f1 (7da38d85baf6) revision 8233869'; Using compiler version '192829333'; Build Type 'Release'
OS: 'Windows 10  (10.0.19044) 64bit Professional' Language: 'ru' Physical Memory: 16254 MB
BatchMode: 1, IsHumanControllingUs: 0, StartBugReporterOnCrash: 0, Is64bit: 1, IsPro: 1

COMMAND LINE ARGUMENTS:
C:\Program Files\Unity\Hub\Editor\2021.3.6f1\Editor\Unity.exe
-adb2
-batchMode
-noUpm
-name
AssetImportWorker0
-projectPath
C:/Users/Ivan/Desktop/Skillbox/Unity/Projects/24_7
-logFile
Logs/AssetImportWorker0.log
-srvPort
56571
Successfully changed project path to: C:/Users/Ivan/Desktop/Skillbox/Unity/Projects/24_7
C:/Users/Ivan/Desktop/Skillbox/Unity/Projects/24_7
[UnityMemory] Configuration Parameters - Can be set up in boot.config
    "memorysetup-bucket-allocator-granularity=16"
    "memorysetup-bucket-allocator-bucket-count=8"
    "memorysetup-bucket-allocator-block-size=33554432"
    "memorysetup-bucket-allocator-block-count=8"
    "memorysetup-main-allocator-block-size=16777216"
    "memorysetup-thread-allocator-block-size=16777216"
    "memorysetup-gfx-main-allocator-block-size=16777216"
    "memorysetup-gfx-thread-allocator-block-size=16777216"
    "memorysetup-cache-allocator-block-size=4194304"
    "memorysetup-typetree-allocator-block-size=2097152"
    "memorysetup-profiler-bucket-allocator-granularity=16"
    "memorysetup-profiler-bucket-allocator-bucket-count=8"
    "memorysetup-profiler-bucket-allocator-block-size=33554432"
    "memorysetup-profiler-bucket-allocator-block-count=8"
    "memorysetup-profiler-allocator-block-size=16777216"
    "memorysetup-profiler-editor-allocator-block-size=1048576"
    "memorysetup-temp-allocator-size-main=16777216"
    "memorysetup-job-temp-allocator-block-size=2097152"
    "memorysetup-job-temp-allocator-block-size-background=1048576"
    "memorysetup-job-temp-allocator-reduction-small-platforms=262144"
    "memorysetup-temp-allocator-size-background-worker=32768"
    "memorysetup-temp-allocator-size-job-worker=262144"
    "memorysetup-temp-allocator-size-preload-manager=33554432"
    "memorysetup-temp-allocator-size-nav-mesh-worker=65536"
    "memorysetup-temp-allocator-size-audio-worker=65536"
    "memorysetup-temp-allocator-size-cloud-worker=32768"
    "memorysetup-temp-allocator-size-gi-baking-worker=262144"
    "memorysetup-temp-allocator-size-gfx=262144"
Refreshing native plugins compatible for Editor in 84.53 ms, found 3 plugins.
Preloading 0 native plugins for Editor in 0.00 ms.
Initialize engine version: 2021.3.6f1 (7da38d85baf6)
[Subsystems] Discovering subsystems at path C:/Program Files/Unity/Hub/Editor/2021.3.6f1/Editor/Data/Resources/UnitySubsystems
[Subsystems] Discovering subsystems at path C:/Users/Ivan/Desktop/Skillbox/Unity/Projects/24_7/Assets
GfxDevice: creating device client; threaded=0; jobified=0
Direct3D:
    Version:  Direct3D 11.0 [level 11.1]
    Renderer: NVIDIA GeForce GTX 1650 (ID=0x1f82)
    Vendor:   NVIDIA
    VRAM:     3962 MB
    Driver:   31.0.15.1640
Initialize mono
Mono path[0] = 'C:/Program Files/Unity/Hub/Editor/2021.3.6f1/Editor/Data/Managed'
Mono path[1] = 'C:/Program Files/Unity/Hub/Editor/2021.3.6f1/Editor/Data/MonoBleedingEdge/lib/mono/unityjit-win32'
Mono config path = 'C:/Program Files/Unity/Hub/Editor/2021.3.6f1/Editor/Data/MonoBleedingEdge/etc'
Using monoOptions --debugger-agent=transport=dt_socket,embedding=1,server=y,suspend=n,address=127.0.0.1:56908
Begin MonoManager ReloadAssembly
Registering precompiled unity dll's ...
Register platform support module: C:/Program Files/Unity/Hub/Editor/2021.3.6f1/Editor/Data/PlaybackEngines/WindowsStandaloneSupport/UnityEditor.WindowsStandalone.Extensions.dll
Registered in 0.006406 seconds.
Native extension for WindowsStandalone target not found
Refreshing native plugins compatible for Editor in 88.48 ms, found 3 plugins.
Preloading 0 native plugins for Editor in 0.00 ms.
Mono: successfully reloaded assembly
- Completed reload, in  0.620 seconds
Domain Reload Profiling:
	ReloadAssembly (620ms)
		BeginReloadAssembly (73ms)
			ExecutionOrderSort (0ms)
			DisableScriptedObjects (0ms)
			BackupInstance (0ms)
			ReleaseScriptingObjects (0ms)
			CreateAndSetChildDomain (1ms)
		EndReloadAssembly (442ms)
			LoadAssemblies (71ms)
			RebuildTransferFunctionScriptingTraits (0ms)
			SetupTypeCache (105ms)
			ReleaseScriptCaches (0ms)
			RebuildScriptCaches (26ms)
			SetupLoadedEditorAssemblies (259ms)
				LogAssemblyErrors (0ms)
				InitializePlatformSupportModulesInManaged (7ms)
				SetLoadedEditorAssemblies (0ms)
				RefreshPlugins (89ms)
				BeforeProcessingInitializeOnLoad (1ms)
				ProcessInitializeOnLoadAttributes (115ms)
				ProcessInitializeOnLoadMethodAttributes (47ms)
				AfterProcessingInitializeOnLoad (0ms)
				EditorAssembliesLoaded (0ms)
			ExecutionOrderSort2 (0ms)
			AwakeInstancesAfterBackupRestoration (0ms)
Platform modules already initialized, skipping
Registering precompiled user dll's ...
Registered in 0.005673 seconds.
Begin MonoManager ReloadAssembly
Symbol file LoadedFromMemory doesn't match image C:\Users\Ivan\Desktop\Skillbox\Unity\Projects\24_7\Library\PackageCache\com.unity.visualscripting@1.7.8\Editor\VisualScripting.Core\Dependencies\YamlDotNet\Unity.VisualScripting.YamlDotNet.dll
Symbol file LoadedFromMemory doesn't match image C:\Users\Ivan\Desktop\Skillbox\Unity\Projects\24_7\Library\PackageCache\com.unity.visualscripting@1.7.8\Editor\VisualScripting.Core\Dependencies\DotNetZip\Unity.VisualScripting.IonicZip.dll
Native extension for WindowsStandalone target not found
Refreshing native plugins compatible for Editor in 0.51 ms, found 3 plugins.
Preloading 0 native plugins for Editor in 0.00 ms.
Mono: successfully reloaded assembly
- Completed reload, in  0.989 seconds
Domain Reload Profiling:
	ReloadAssembly (990ms)
		BeginReloadAssembly (99ms)
			ExecutionOrderSort (0ms)
			DisableScriptedObjects (5ms)
			BackupInstance (0ms)
			ReleaseScriptingObjects (0ms)
			CreateAndSetChildDomain (17ms)
		EndReloadAssembly (781ms)
			LoadAssemblies (70ms)
			RebuildTransferFunctionScriptingTraits (0ms)
			SetupTypeCache (256ms)
			ReleaseScriptCaches (1ms)
			RebuildScriptCaches (46ms)
			SetupLoadedEditorAssemblies (369ms)
				LogAssemblyErrors (0ms)
				InitializePlatformSupportModulesInManaged (6ms)
				SetLoadedEditorAssemblies (0ms)
				RefreshPlugins (1ms)
				BeforeProcessingInitializeOnLoad (92ms)
				ProcessInitializeOnLoadAttributes (235ms)
				ProcessInitializeOnLoadMethodAttributes (28ms)
				AfterProcessingInitializeOnLoad (7ms)
				EditorAssembliesLoaded (0ms)
			ExecutionOrderSort2 (0ms)
			AwakeInstancesAfterBackupRestoration (6ms)
Platform modules already initialized, skipping
========================================================================
Worker process is ready to serve import requests
Launched and connected shader compiler UnityShaderCompiler.exe after 0.03 seconds
Refreshing native plugins compatible for Editor in 0.55 ms, found 3 plugins.
Preloading 0 native plugins for Editor in 0.00 ms.
Unloading 3381 Unused Serialized files (Serialized files now loaded: 0)
Unloading 27 unused Assets / (111.2 KB). Loaded Objects now: 3861.
Memory consumption went from 134.3 MB to 134.2 MB.
Total: 2.962500 ms (FindLiveObjects: 0.260000 ms CreateObjectMapping: 0.165100 ms MarkObjects: 2.436700 ms  DeleteObjects: 0.100000 ms)

AssetImportParameters requested are different than current active one (requested -> active):
  custom:video-decoder-ogg-theora: a1e56fd34408186e4bbccfd4996cb3dc -> 
  custom:container-muxer-webm: aa71ff27fc2769a1b78a27578f13a17b -> 
  custom:container-demuxer-webm: 4f35f7cbe854078d1ac9338744f61a02 -> 
  custom:video-encoder-webm-vp8: eb34c28f22e8b96e1ab97ce403110664 -> 
  custom:audio-encoder-webm-vorbis: bf7c407c2cedff20999df2af8eb42d56 -> 
  custom:framework-win-MediaFoundation: 216162199b28c13a410421893ffa2e32 -> 
  custom:container-demuxer-ogg: 62fdf1f143b41e24485cea50d1cbac27 -> 
  custom:video-decoder-webm-vp8: 9c59270c3fd7afecdb556c50c9e8de78 -> 
  custom:audio-decoder-ogg-vorbis: bf7c407c2cedff20999df2af8eb42d56 -> 
========================================================================
Received Import Request.
  Time since last request: 413053.710221 seconds.
  path: Assets/New Terrain.asset
  artifactKey: Guid(186f9be96012b5840a33aa6826190a39) Importer(815301076,1909f56bfc062723c751e8b465ee728b)
Start importing Assets/New Terrain.asset using Guid(186f9be96012b5840a33aa6826190a39) Importer(815301076,1909f56bfc062723c751e8b465ee728b)  -> (artifact id: 'c63943a9a17c2117a162197e0cb8c6a0') in 0.092678 seconds 
========================================================================
Received Import Request.
  Time since last request: 5.212281 seconds.
  path: Assets/Textures
  artifactKey: Guid(b838bfbba0017ae42b9b7ef47d22d3b5) Importer(815301076,1909f56bfc062723c751e8b465ee728b)
Start importing Assets/Textures using Guid(b838bfbba0017ae42b9b7ef47d22d3b5) Importer(815301076,1909f56bfc062723c751e8b465ee728b)  -> (artifact id: '11e8f6758fbd7560ac386c14374aeffd') in 0.004942 seconds 
========================================================================
Received Import Request.
  Time since last request: 34.940619 seconds.
  path: Assets/Textures/Gravel030_2K_Color.jpg
  artifactKey: Guid(0ce0a0c2b74644746b97e63b37e610b4) Importer(815301076,1909f56bfc062723c751e8b465ee728b)
Start importing Assets/Textures/Gravel030_2K_Color.jpg using Guid(0ce0a0c2b74644746b97e63b37e610b4) Importer(815301076,1909f56bfc062723c751e8b465ee728b)  -> (artifact id: '556a850a5e4a6fdb6363b74ccf00dcc9') in 0.036069 seconds 
========================================================================
Received Import Request.
  Time since last request: 7.463738 seconds.
  path: Assets/Textures/Gravel030_2K_NormalGL.jpg
  artifactKey: Guid(f3eb92bfbbee04b4da8e541918ed1a10) Importer(815301076,1909f56bfc062723c751e8b465ee728b)
Start importing Assets/Textures/Gravel030_2K_NormalGL.jpg using Guid(f3eb92bfbbee04b4da8e541918ed1a10) Importer(815301076,1909f56bfc062723c751e8b465ee728b)  -> (artifact id: '85925df4254cfe32030a1b14f2a3a383') in 0.014948 seconds 
========================================================================
Received Import Request.
  Time since last request: 182.012501 seconds.
  path: Assets/Textures/TexturesCom_RoadsDirt0042_6_S.jpg
  artifactKey: Guid(0ba3eb90ceb17264e9f6a14bda58d5a0) Importer(815301076,1909f56bfc062723c751e8b465ee728b)
Start importing Assets/Textures/TexturesCom_RoadsDirt0042_6_S.jpg using Guid(0ba3eb90ceb17264e9f6a14bda58d5a0) Importer(815301076,1909f56bfc062723c751e8b465ee728b)  -> (artifact id: 'dba29b133a9b6687d933152b9fd577c7') in 0.013045 seconds 
========================================================================
Received Import Request.
  Time since last request: 57.662804 seconds.
  path: Assets/Standard Assets/Environment/TerrainAssets/SurfaceTextures/NewLayer 3.terrainlayer
  artifactKey: Guid(3446ce751e119d24db21bce5df90e5ad) Importer(815301076,1909f56bfc062723c751e8b465ee728b)
Start importing Assets/Standard Assets/Environment/TerrainAssets/SurfaceTextures/NewLayer 3.terrainlayer using Guid(3446ce751e119d24db21bce5df90e5ad) Importer(815301076,1909f56bfc062723c751e8b465ee728b)  -> (artifact id: '50f2e56afb4e76791c65e38df1a1a6d5') in 0.037731 seconds 
========================================================================
Received Import Request.
  Time since last request: 26.659426 seconds.
  path: Assets/Textures/TexturesCom_Road_Gravel_3x3_1K_albedo.tif
  artifactKey: Guid(1a97d6e3fe65d164c913b85165470e8f) Importer(815301076,1909f56bfc062723c751e8b465ee728b)
Start importing Assets/Textures/TexturesCom_Road_Gravel_3x3_1K_albedo.tif using Guid(1a97d6e3fe65d164c913b85165470e8f) Importer(815301076,1909f56bfc062723c751e8b465ee728b)  -> (artifact id: 'ee96ca8208fb114ef991128fea46cb3a') in 0.027670 seconds 
========================================================================
Received Import Request.
  Time since last request: 4.809304 seconds.
  path: Assets/Textures/TexturesCom_Road_Gravel_3x3_1K_normal.tif
  artifactKey: Guid(2efa33a040283df488dbbb98fc14e1a4) Importer(815301076,1909f56bfc062723c751e8b465ee728b)
Start importing Assets/Textures/TexturesCom_Road_Gravel_3x3_1K_normal.tif using Guid(2efa33a040283df488dbbb98fc14e1a4) Importer(815301076,1909f56bfc062723c751e8b465ee728b)  -> (artifact id: '27677db4e267a8cc8b00f631f0714109') in 0.012784 seconds 
========================================================================
Received Import Request.
  Time since last request: 162.534266 seconds.
  path: Assets/Textures/TexturesCom_Pavement_CobblestoneForest01_4x4_1K_albedo.tif
  artifactKey: Guid(594969c45d4a1274ca97f438a17c8408) Importer(815301076,1909f56bfc062723c751e8b465ee728b)
Start importing Assets/Textures/TexturesCom_Pavement_CobblestoneForest01_4x4_1K_albedo.tif using Guid(594969c45d4a1274ca97f438a17c8408) Importer(815301076,1909f56bfc062723c751e8b465ee728b)  -> (artifact id: 'c4073569d7cfad5b5b8d6123b38bcce2') in 0.056745 seconds 
========================================================================
Received Import Request.
  Time since last request: 2.607325 seconds.
  path: Assets/Textures/TexturesCom_Pavement_CobblestoneForest01_4x4_1K_normal.tif
  artifactKey: Guid(4cb0d2efd26b22741b802072316827b4) Importer(815301076,1909f56bfc062723c751e8b465ee728b)
Start importing Assets/Textures/TexturesCom_Pavement_CobblestoneForest01_4x4_1K_normal.tif using Guid(4cb0d2efd26b22741b802072316827b4) Importer(815301076,1909f56bfc062723c751e8b465ee728b)  -> (artifact id: '8fc18d9729eeded6c0dbc238fa89fe55') in 0.012002 seconds 
========================================================================
Received Import Request.
  Time since last request: 162.979352 seconds.
  path: Assets/Standard Assets/Environment/TerrainAssets/SurfaceTextures/NewLayer 1.terrainlayer
  artifactKey: Guid(2470d9992bd9d274fb49763cb30a5b91) Importer(815301076,1909f56bfc062723c751e8b465ee728b)
Start importing Assets/Standard Assets/Environment/TerrainAssets/SurfaceTextures/NewLayer 1.terrainlayer using Guid(2470d9992bd9d274fb49763cb30a5b91) Importer(815301076,1909f56bfc062723c751e8b465ee728b)  -> (artifact id: '40d5dce506beff939c20190f12c905e0') in 0.013858 seconds 
========================================================================
Received Import Request.
  Time since last request: 246.380755 seconds.
  path: Assets/Standard Assets/Environment/TerrainAssets/SurfaceTextures/NewLayer.terrainlayer
  artifactKey: Guid(c1e2a99c69609b64ab58b604bdcc6565) Importer(815301076,1909f56bfc062723c751e8b465ee728b)
Start importing Assets/Standard Assets/Environment/TerrainAssets/SurfaceTextures/NewLayer.terrainlayer using Guid(c1e2a99c69609b64ab58b604bdcc6565) Importer(815301076,1909f56bfc062723c751e8b465ee728b)  -> (artifact id: '54e7ec4f403134f24c4245ad404a5924') in 0.012469 seconds 
========================================================================
Received Import Request.
  Time since last request: 680.003415 seconds.
  path: Assets/Standard Assets/Environment/TerrainAssets/SurfaceTextures/NewLayer 2.terrainlayer
  artifactKey: Guid(f4c534553adf95646a4c531c95feb998) Importer(815301076,1909f56bfc062723c751e8b465ee728b)
Start importing Assets/Standard Assets/Environment/TerrainAssets/SurfaceTextures/NewLayer 2.terrainlayer using Guid(f4c534553adf95646a4c531c95feb998) Importer(815301076,1909f56bfc062723c751e8b465ee728b)  -> (artifact id: 'b32d8b603d119f1454a072bccab48fa9') in 0.046773 seconds 
========================================================================
Received Import Request.
  Time since last request: 8.392901 seconds.
  path: Assets/Standard Assets/Environment/SpeedTree
  artifactKey: Guid(c04a867c41990cb44b46672730a8e63f) Importer(815301076,1909f56bfc062723c751e8b465ee728b)
Start importing Assets/Standard Assets/Environment/SpeedTree using Guid(c04a867c41990cb44b46672730a8e63f) Importer(815301076,1909f56bfc062723c751e8b465ee728b)  -> (artifact id: '190f82a640b6d2fff0a87c4acc0aa9e6') in 0.005384 seconds 
========================================================================
Received Import Request.
  Time since last request: 2100.210314 seconds.
  path: Assets/New Terrain.asset
  artifactKey: Guid(186f9be96012b5840a33aa6826190a39) Importer(815301076,1909f56bfc062723c751e8b465ee728b)
Start importing Assets/New Terrain.asset using Guid(186f9be96012b5840a33aa6826190a39) Importer(815301076,1909f56bfc062723c751e8b465ee728b)  -> (artifact id: '3d20c077c66f93e513ca3d5675f12864') in 0.039696 seconds 
========================================================================
Received Import Request.
  Time since last request: 7.805843 seconds.
  path: Assets/Prefabs
  artifactKey: Guid(a1b85b9865843854287d906d38d04ef4) Importer(815301076,1909f56bfc062723c751e8b465ee728b)
Start importing Assets/Prefabs using Guid(a1b85b9865843854287d906d38d04ef4) Importer(815301076,1909f56bfc062723c751e8b465ee728b)  -> (artifact id: '2585c529913883c03080b7ae0a88e2c8') in 0.005530 seconds 
========================================================================
Received Import Request.
  Time since last request: 6.848687 seconds.
  path: Assets/Prefabs/untitled.fbx
  artifactKey: Guid(029a9b2aa52a3754789b7836ad001925) Importer(815301076,1909f56bfc062723c751e8b465ee728b)
Start importing Assets/Prefabs/untitled.fbx using Guid(029a9b2aa52a3754789b7836ad001925) Importer(815301076,1909f56bfc062723c751e8b465ee728b)  -> (artifact id: 'b4a284b8246c70bcd4b04f5567a11be6') in 0.097420 seconds 
========================================================================
Received Import Request.
  Time since last request: 19.396602 seconds.
  path: Assets/Prefabs/Planks021_2K_Color.jpg
  artifactKey: Guid(fca6539e89421ee43945489cbb74b265) Importer(815301076,1909f56bfc062723c751e8b465ee728b)
Start importing Assets/Prefabs/Planks021_2K_Color.jpg using Guid(fca6539e89421ee43945489cbb74b265) Importer(815301076,1909f56bfc062723c751e8b465ee728b)  -> (artifact id: '042e799929d65d2128d3df0728e1720a') in 0.027127 seconds 
========================================================================
Received Import Request.
  Time since last request: 2.914995 seconds.
  path: Assets/Prefabs/Planks021_2K_NormalGL.jpg
  artifactKey: Guid(aba0e9e54e01fba4dbb825a91ed1298e) Importer(815301076,1909f56bfc062723c751e8b465ee728b)
Start importing Assets/Prefabs/Planks021_2K_NormalGL.jpg using Guid(aba0e9e54e01fba4dbb825a91ed1298e) Importer(815301076,1909f56bfc062723c751e8b465ee728b)  -> (artifact id: '09bd1ac2c74f1293e895d26d79a353b6') in 0.017116 seconds 
========================================================================
Received Import Request.
  Time since last request: 16.312488 seconds.
  path: Assets/Prefabs/untitled.fbx
  artifactKey: Guid(029a9b2aa52a3754789b7836ad001925) Importer(815301076,1909f56bfc062723c751e8b465ee728b)
Start importing Assets/Prefabs/untitled.fbx using Guid(029a9b2aa52a3754789b7836ad001925) Importer(815301076,1909f56bfc062723c751e8b465ee728b)  -> (artifact id: '9ce0edfcd1a05dc7b0f85f5bceccf98e') in 0.215961 seconds 
========================================================================
Received Prepare
Registering precompiled user dll's ...
Registered in 0.005118 seconds.
Begin MonoManager ReloadAssembly
Symbol file LoadedFromMemory doesn't match image C:\Users\Ivan\Desktop\Skillbox\Unity\Projects\24_7\Library\PackageCache\com.unity.visualscripting@1.7.8\Editor\VisualScripting.Core\Dependencies\YamlDotNet\Unity.VisualScripting.YamlDotNet.dll
Symbol file LoadedFromMemory doesn't match image C:\Users\Ivan\Desktop\Skillbox\Unity\Projects\24_7\Library\PackageCache\com.unity.visualscripting@1.7.8\Editor\VisualScripting.Core\Dependencies\DotNetZip\Unity.VisualScripting.IonicZip.dll
Native extension for WindowsStandalone target not found
Refreshing native plugins compatible for Editor in 0.71 ms, found 3 plugins.
Preloading 0 native plugins for Editor in 0.00 ms.
Mono: successfully reloaded assembly
- Completed reload, in  1.070 seconds
Domain Reload Profiling:
	ReloadAssembly (1071ms)
		BeginReloadAssembly (170ms)
			ExecutionOrderSort (0ms)
			DisableScriptedObjects (13ms)
			BackupInstance (0ms)
			ReleaseScriptingObjects (0ms)
			CreateAndSetChildDomain (60ms)
		EndReloadAssembly (797ms)
			LoadAssemblies (73ms)
			RebuildTransferFunctionScriptingTraits (0ms)
			SetupTypeCache (272ms)
			ReleaseScriptCaches (1ms)
			RebuildScriptCaches (43ms)
			SetupLoadedEditorAssemblies (355ms)
				LogAssemblyErrors (0ms)
				InitializePlatformSupportModulesInManaged (13ms)
				SetLoadedEditorAssemblies (1ms)
				RefreshPlugins (1ms)
				BeforeProcessingInitializeOnLoad (78ms)
				ProcessInitializeOnLoadAttributes (225ms)
				ProcessInitializeOnLoadMethodAttributes (29ms)
				AfterProcessingInitializeOnLoad (8ms)
				EditorAssembliesLoaded (0ms)
			ExecutionOrderSort2 (0ms)
			AwakeInstancesAfterBackupRestoration (7ms)
Platform modules already initialized, skipping
Refreshing native plugins compatible for Editor in 2.02 ms, found 3 plugins.
Preloading 0 native plugins for Editor in 0.00 ms.
Unloading 3372 Unused Serialized files (Serialized files now loaded: 0)
Unloading 20 unused Assets / (81.4 KB). Loaded Objects now: 3910.
Memory consumption went from 138.8 MB to 138.7 MB.
Total: 2.875500 ms (FindLiveObjects: 0.275400 ms CreateObjectMapping: 0.168600 ms MarkObjects: 2.303800 ms  DeleteObjects: 0.126800 ms)

AssetImportParameters requested are different than current active one (requested -> active):
  custom:video-decoder-ogg-theora: a1e56fd34408186e4bbccfd4996cb3dc -> 
  custom:container-muxer-webm: aa71ff27fc2769a1b78a27578f13a17b -> 
  custom:container-demuxer-webm: 4f35f7cbe854078d1ac9338744f61a02 -> 
  custom:video-encoder-webm-vp8: eb34c28f22e8b96e1ab97ce403110664 -> 
  custom:audio-encoder-webm-vorbis: bf7c407c2cedff20999df2af8eb42d56 -> 
  custom:framework-win-MediaFoundation: 216162199b28c13a410421893ffa2e32 -> 
  custom:container-demuxer-ogg: 62fdf1f143b41e24485cea50d1cbac27 -> 
  custom:video-decoder-webm-vp8: 9c59270c3fd7afecdb556c50c9e8de78 -> 
  custom:audio-decoder-ogg-vorbis: bf7c407c2cedff20999df2af8eb42d56 -> 
========================================================================
Received Import Request.
  Time since last request: 3882.847974 seconds.
  path: Assets/Prefabs/untitled_1.fbx
  artifactKey: Guid(5f0597f7c05d33a4fad8931ec9a3e736) Importer(815301076,1909f56bfc062723c751e8b465ee728b)
Start importing Assets/Prefabs/untitled_1.fbx using Guid(5f0597f7c05d33a4fad8931ec9a3e736) Importer(815301076,1909f56bfc062723c751e8b465ee728b)  -> (artifact id: '80e9edbefa666d344b4504fa43d6fcb4') in 0.133149 seconds 
========================================================================
Received Import Request.
  Time since last request: 3.258277 seconds.
  path: Assets/Prefabs/DangerTexturepng.png
  artifactKey: Guid(e9bcaf5f2f519ff4da65a45b17e6712c) Importer(815301076,1909f56bfc062723c751e8b465ee728b)
Start importing Assets/Prefabs/DangerTexturepng.png using Guid(e9bcaf5f2f519ff4da65a45b17e6712c) Importer(815301076,1909f56bfc062723c751e8b465ee728b)  -> (artifact id: '18389fa8e395714fa177ef13540c5427') in 0.019167 seconds 
========================================================================
Received Import Request.
  Time since last request: 1.997084 seconds.
  path: Assets/Prefabs/DangerTexturepng.png
  artifactKey: Guid(e9bcaf5f2f519ff4da65a45b17e6712c) Importer(815301076,1909f56bfc062723c751e8b465ee728b)
Start importing Assets/Prefabs/DangerTexturepng.png using Guid(e9bcaf5f2f519ff4da65a45b17e6712c) Importer(815301076,1909f56bfc062723c751e8b465ee728b)  -> (artifact id: '54d4b69b3b3bcb702a42dd3d1d733008') in 0.012887 seconds 
========================================================================
Received Import Request.
  Time since last request: 467.414351 seconds.
  path: Assets/Prefabs/untitled 1.fbx
  artifactKey: Guid(94985e46220d8b44da1df4d46c353699) Importer(815301076,1909f56bfc062723c751e8b465ee728b)
Start importing Assets/Prefabs/untitled 1.fbx using Guid(94985e46220d8b44da1df4d46c353699) Importer(815301076,1909f56bfc062723c751e8b465ee728b)  -> (artifact id: '951213004f4710c169661775642d2e79') in 0.069542 seconds 
========================================================================
Received Import Request.
  Time since last request: 8.859758 seconds.
  path: Assets/Prefabs/untitled 1.fbx
  artifactKey: Guid(94985e46220d8b44da1df4d46c353699) Importer(815301076,1909f56bfc062723c751e8b465ee728b)
Start importing Assets/Prefabs/untitled 1.fbx using Guid(94985e46220d8b44da1df4d46c353699) Importer(815301076,1909f56bfc062723c751e8b465ee728b)  -> (artifact id: 'f5fa66245a4bbdecc2f0cadf6ee411de') in 0.070294 seconds 
========================================================================
Received Import Request.
  Time since last request: 91.868497 seconds.
  path: Assets/Prefabs/untitled 1.fbx
  artifactKey: Guid(94985e46220d8b44da1df4d46c353699) Importer(815301076,1909f56bfc062723c751e8b465ee728b)
Start importing Assets/Prefabs/untitled 1.fbx using Guid(94985e46220d8b44da1df4d46c353699) Importer(815301076,1909f56bfc062723c751e8b465ee728b)  -> (artifact id: 'ea76ac222b6205bb9824ca12beb11275') in 0.082521 seconds 
